<?xml version="1.0" encoding="UTF-8"?>
<!-- Generated by org.testng.reporters.JUnitReportReporter -->
<testsuite hostname="LAPTOP-FA94PUIP" failures="0" tests="3" name="Testcasesscenario.LoginpageTest" time="23.815" errors="0" timestamp="2024-07-22T10:12:19 IST" skipped="0">
  <testcase classname="Testcasesscenario.LoginpageTest" name="verifyurl" time="12.405"/>
  <testcase classname="Testcasesscenario.LoginpageTest" name="gettitle" time="4.078"/>
  <testcase classname="Testcasesscenario.LoginpageTest" name="validatelogin" time="7.332"/>
</testsuite> <!-- Testcasesscenario.LoginpageTest -->
