<?xml version="1.0" encoding="UTF-8"?>
<!-- Generated by org.testng.reporters.JUnitReportReporter -->
<testsuite hostname="LAPTOP-FA94PUIP" failures="0" tests="1" name="Scenario1.Extentreportdemo" time="0.443" errors="0" timestamp="2024-07-17T23:48:36 IST" skipped="0">
  <testcase classname="Scenario1.Extentreportdemo" name="testreport" time="0.443"/>
</testsuite> <!-- Scenario1.Extentreportdemo -->
