<?xml version="1.0" encoding="UTF-8"?>
<!-- Generated by org.testng.reporters.JUnitReportReporter -->
<testsuite hostname="LAPTOP-FA94PUIP" failures="0" tests="1" name="Scenario1.ExcelReader" time="0.714" errors="0" timestamp="2024-07-22T10:09:44 IST" skipped="0">
  <testcase classname="Scenario1.ExcelReader" name="Excelread" time="0.714"/>
</testsuite> <!-- Scenario1.ExcelReader -->
