<?xml version="1.0" encoding="UTF-8"?>
<!-- Generated by org.testng.reporters.JUnitReportReporter -->
<testsuite hostname="LAPTOP-FA94PUIP" failures="0" tests="1" name="Scenario1.Screenshotsdemo" time="8.551" errors="0" timestamp="2024-07-15T01:54:53 IST" skipped="0">
  <testcase classname="Scenario1.Screenshotsdemo" name="capture" time="8.551"/>
</testsuite> <!-- Scenario1.Screenshotsdemo -->
