<?xml version="1.0" encoding="UTF-8"?>
<!-- Generated by org.testng.reporters.JUnitReportReporter -->
<testsuite hostname="LAPTOP-FA94PUIP" failures="0" tests="4" name="Testcasesscenario.AdminpageTest" time="28.494" errors="0" timestamp="2024-07-22T10:12:34 IST" skipped="0">
  <testcase classname="Testcasesscenario.AdminpageTest" name="verifyadmin" time="6.154"/>
  <testcase classname="Testcasesscenario.AdminpageTest" name="verifyusername" time="7.905"/>
  <testcase classname="Testcasesscenario.AdminpageTest" name="verifysearchUserrole" time="8.063"/>
  <testcase classname="Testcasesscenario.AdminpageTest" name="verifysearchuserStatus" time="6.372"/>
</testsuite> <!-- Testcasesscenario.AdminpageTest -->
