<?xml version="1.0" encoding="UTF-8"?>
<!-- Generated by org.testng.reporters.JUnitReportReporter -->
<testsuite hostname="LAPTOP-FA94PUIP" failures="0" tests="1" name="listeners.listenerFordatadrivetest" time="0.008" errors="0" timestamp="2024-07-17T00:55:59 IST" skipped="0">
  <testcase classname="listeners.listenerFordatadrivetest" name="Datadriventest" time="0.008"/>
</testsuite> <!-- listeners.listenerFordatadrivetest -->
